<!DOCTYPE HTML><html><head><title>Behave Test Report</title><meta content="text/html;charset=utf-8" http-equiv="content-type" /><style type="text/css"><!--
@charset "utf-8"; .passed{}.failed{}.error{}.skipped{}.undefined{}.summary{}.failed_scenarios{}.footer{}body{font-size:0;color:white;margin:0;padding:0}.behave,td,th{font:normal 11px "Lucida Grande",Helvetica,sans-serif;background:white;color:black}.behave #behave-header,td #behave-header,th #behave-header{background:#65c400;color:white;height:8em}.behave #behave-header #expand-collapse p,td #behave-header #expand-collapse p,th #behave-header #expand-collapse p{float:right;margin:0 0 0 10px}.behave .scenario h3,td .scenario h3,th .scenario h3,.background h3{font-size:11px;padding:3px;margin:0;background:#65c400;color:white;font-weight:bold}.background h3{font-size:1.2em;background:#666}.behave h1,td h1,th h1{margin:0 10px 0 10px;padding:10px;font-family:"Lucida Grande",Helvetica,sans-serif;font-size:2em;position:absolute}.behave h4,td h4,th h4{margin-bottom:2px}.behave div.feature,td div.feature,th div.feature{padding:2px;margin:0 10px 5px 10px}.behave div.examples,td div.examples,th div.examples{padding:0 0 0 1em}.behave .stats,td .stats,th .stats{margin:2em}.behave .summary ul.features li,td .summary ul.features li,th .summary ul.features li{display:inline}.behave .step_name,td .step_name,th .step_name{float:left}.behave .step_file,td .step_file,th .step_file{text-align:right;color:#999}.behave .step_file a,td .step_file a,th .step_file a{color:#999}.behave .scenario_file,td .scenario_file,th .scenario_file{float:right;color:#999}.behave .step_duration{padding-left:1em}.behave .tag,td .tag,th .tag{font-weight:bold;color:#246ac1}.behave .backtrace,td .backtrace,th .backtrace{margin-top:0;margin-bottom:0;margin-left:1em;color:black}.behave a,td a,th a{color:#be5c00;margin-right:.5em}.behave a:hover,td a:hover,th a:hover{text-decoration:none}.behave a:visited,td a:visited,th a:visited{font-weight:normal}.behave a div.examples,td a div.examples,th a div.examples{margin:5px 0 5px 15px;color:black}.behave .outline table,td .outline table,th .outline table{margin:0 0 5px 10px}.behave table,td table,th table{border-collapse:collapse}.behave table td,td table td,th table td{padding:3px 3px 3px 5px}.behave table td.failed,.behave table td.passed,.behave table td.skipped,.behave table td.pending,.behave table td.undefined,td table td.failed,td table td.passed,td table td.skipped,td table td.pending{padding-left:18px;padding-right:10px}.behave table td.failed,td table td.failed,th table td.failed{border-left:5px solid #c20000;border-bottom:1px solid #c20000;background:#fffbd3;color:#c20000}.behave table td.passed,td table td.passed,th table td.passed{border-left:5px solid #65c400;border-bottom:1px solid #65c400;background:#dbffb4;color:#3d7700}.behave table td.skipped,td table td.skipped,th table td.skipped{border-left:5px solid aqua;border-bottom:1px solid aqua;background:#e0ffff;color:#011}.behave table td.pending,td table td.pending,th table td.pending{border-left:5px solid #faf834;border-bottom:1px solid #faf834;background:#fcfb98;color:#131313}.behave table td.undefined,td table td.undefined,th table td.undefined{border-left:5px solid #faf834;border-bottom:1px solid #faf834;background:#fcfb98;color:#131313}.behave table td.message,td table td.message,th table td.message{border-left:5px solid aqua;border-bottom:1px solid aqua;background:#e0ffff;color:#011}.behave ol,td ol,th ol{list-style:none;margin:0;padding:0}.behave ol li.step,td ol li.step,th ol li.step{padding:3px 3px 3px 18px;margin:5px 0 5px 5px}.behave ol li,td ol li,th ol li{margin:0 0 0 1em;padding:0 0 0 .2em}.behave ol li span.param,td ol li span.param,th ol li span.param{font-weight:bold}.behave ol li.failed,td ol li.failed,th ol li.failed{border-left:5px solid #c20000;border-bottom:1px solid #c20000;background:#fffbd3;color:#c20000}.behave ol li.passed,td ol li.passed,th ol li.passed{border-left:5px solid #65c400;border-bottom:1px solid #65c400;background:#dbffb4;color:#3d7700}.behave ol li.skipped,td ol li.skipped,th ol li.skipped{border-left:5px solid aqua;border-bottom:1px solid aqua;background:#e0ffff;color:#011}.behave ol li.pending,td ol li.pending,th ol li.pending{border-left:5px solid #faf834;border-bottom:1px solid #faf834;background:#fcfb98;color:#131313}.behave ol li.undefined,td ol li.undefined,th ol li.undefined{border-left:5px solid #faf834;border-bottom:1px solid #faf834;background:#fcfb98;color:#131313}.behave ol li.message,td ol li.message,th ol li.message{border-left:5px solid aqua;border-bottom:1px solid aqua;background:#e0ffff;color:#011;margin-left:10px}.behave #summary,td #summary,th #summary{margin:0;padding:5px 10px;text-align:right;top:0;right:0;float:right}.behave #summary p,td #summary p,th #summary p{margin:0 0 0 2px}.behave #summary #totals,td #summary #totals,th #summary #totals{font-size:1.2em}.behave .scenario h3.failed,td .scenario h3.failed,th .scenario h3.failed,.background h3.failed{background:#c20000}.behave #behave-header.failed,td #behave-header.failed,th #behave-header.failed{background:#c20000}.behave .scenario h3.undefined,td .scenario h3.undefined,th .scenario h3.undefined,.background h3.undefined{background:#faf834;color:black}.behave #behave-header.undefined,td #behave-header.undefined,th #behave-header.undefined{background:#faf834;color:black}#behave-header.failed a{color:white}pre{white-space:pre-wrap}
--></style><script type="text/javascript"><!--
function Collapsible_toggle(id){var elem=document.getElementById(id);elem.style.display=(elem.style.display=='none'?'block':'none');return false;};function Collapsible_expandAll(className){var elems=document.getElementsByClassName(className);for(var i=0;i<elems.length;i++){elems[i].style.display='block';}};function Collapsible_collapseAll(className){var elems=document.getElementsByClassName(className);for(var i=0;i<elems.length;i++){elems[i].style.display='none';}};function Collapsible_expandAllFailed(){var elems=document.getElementsByClassName('failed');for(var i=0;i<elems.length;i++){var elem=elems[i];if(elem.nodeName=='H3'){elem.parentElement.getElementsByTagName('ol')[0].style.display='block';}}}
--></script></head><body><div class="behave"><div id="behave-header" class="failed"><div id="label"><h1>Behave Test Report</h1></div><div id="summary"><p id="totals"><p id="feature_totals">Features: failed: 2, passed: 3</p><p id="scenario_totals">Scenarios: failed: 3, passed: 7</p><p id="step_totals">Steps: passed: 9, failed: 2, untested: 8, skipped: 1</p></p><p id="duration">Finished in 40.5 seconds</p><div id="expand-collapse"><a id="expander" href="#" onclick="Collapsible_expandAll('scenario_steps')">Expand All</a><span> | </span><a id="collapser" href="#" onclick="Collapsible_collapseAll('scenario_steps')">Collapse All</a><span> | </span><a id="failed_expander" href="#" onclick="Collapsible_expandAllFailed()">Expand All Failed</a></div></div></div><div class="feature"><h2><span class="val">Feature: About</span></h2><span /></div><div class="background"><h3><span class="val">Background: </span></h3><ol /><span /></div><div class="scenario"><span class="scenario_file">features/about.feature:7</span><span class="tag">@about</span><h3 onclick="Collapsible_toggle('scenario_0')" class="failed"><span class="val">Scenario: Test click about</span></h3><ol class="scenario_steps" id="scenario_0"><li class="step passed"><div class="step_name"><span class="keyword">Given </span><span class="step val">home: I am on the main page</span><small class="step_duration">(2.186s)</small></div><div class="step_file"><span>steps/about_steps.py:4</span></div><span class="embed" /></li><li class="step passed"><div class="step_name"><span class="keyword">When </span><span class="step val">home: I click on the ? symbol at the top right of the site , after I click on About</span><small class="step_duration">(0.537s)</small></div><div class="step_file"><span>steps/about_steps.py:7</span></div><span class="embed" /></li><li class="step failed"><div class="step_name"><span class="keyword">Then </span><span class="step val">about : I verify if I am on the correct URl</span><small class="step_duration">(0.008s)</small></div><div class="step_file"><span>steps/about_steps.py:10</span></div><span class="embed"><a onclick="Collapsible_toggle('embed_1')">Error Message</a><pre id="embed_1" style="display: none">Assertion Failed: 
Expected: 'https://www.advantageonlineshopping.com/#/about'
     but: was 'https://www.advantageonlineshopping.com/#/'
</pre>    </span></li></ol><span /></div><div class="feature"><h2><span class="val">Feature: Cart</span></h2><span /></div><div class="background"><h3><span class="val">Background: </span></h3><ol /><span /></div><div class="scenario"><span class="scenario_file">features/cart.feature:7</span><span class="tag">@add_to_cart</span><h3 onclick="Collapsible_toggle('scenario_1')"><span class="val">Scenario: Test add to cart</span></h3><ol class="scenario_steps" id="scenario_1"><li class="step passed"><div class="step_name"><span class="keyword">Given </span><span class="step val">home: I am on page</span><small class="step_duration">(0.672s)</small></div><div class="step_file"><span>steps/cart_steps.py:5</span></div><span class="embed" /></li><li class="step passed"><div class="step_name"><span class="keyword">When </span><span class="step val">home: I click and I add an item to my cart</span><small class="step_duration">(5.877s)</small></div><div class="step_file"><span>steps/cart_steps.py:8</span></div><span class="embed" /></li><li class="step passed"><div class="step_name"><span class="keyword">Then </span><span class="step val">products: I verify if I have an item in my cart</span><small class="step_duration">(0.048s)</small></div><div class="step_file"><span>steps/cart_steps.py:11</span></div><span class="embed" /></li></ol><span /></div><div class="scenario"><span class="scenario_file">features/cart.feature:13</span><span class="tag">@remove_from_cart</span><h3 onclick="Collapsible_toggle('scenario_2')"><span class="val">Scenario: Test remove form cart</span></h3><ol class="scenario_steps" id="scenario_2"><li class="step passed"><div class="step_name"><span class="keyword">Given </span><span class="step val">home: I am on page</span><small class="step_duration">(0.096s)</small></div><div class="step_file"><span>steps/cart_steps.py:5</span></div><span class="embed" /></li><li class="step passed"><div class="step_name"><span class="keyword">When </span><span class="step val">home: I click and I remove an item from my cart</span><small class="step_duration">(0.961s)</small></div><div class="step_file"><span>steps/cart_steps.py:15</span></div><span class="embed" /></li><li class="step passed"><div class="step_name"><span class="keyword">Then </span><span class="step val">products: I check if I have removed an item in my cart</span><small class="step_duration">(0.053s)</small></div><div class="step_file"><span>steps/cart_steps.py:18</span></div><span class="embed" /></li></ol><span /></div><div class="feature"><h2><span class="val">Feature: Login feature</span></h2><span /></div><div class="background"><h3><span class="val">Background: </span></h3><ol /><span /></div><div class="scenario"><span class="scenario_file">features/login.feature:15</span><span class="tag">@validcreds</span><h3 onclick="Collapsible_toggle('scenario_3')"><span class="val">Scenario Outline: Login with valid credentials -- @1.1 </span></h3><ol class="scenario_steps" id="scenario_3"><li class="step passed"><div class="step_name"><span class="keyword">Given </span><span class="step val">login: the user is on the login page</span><small class="step_duration">(0.103s)</small></div><div class="step_file"><span>steps/login_steps.py:4</span></div><span class="embed" /></li><li class="step passed"><div class="step_name"><span class="keyword">When </span><span class="step val"><span>login: user enters a valid </span><b>raul12345</b><span> and </span><b>Test12345</b><span> and presses login</span></span><small class="step_duration">(2.434s)</small></div><div class="step_file"><span>steps/login_steps.py:8</span></div><span class="embed" /></li><li class="step passed"><div class="step_name"><span class="keyword">Then </span><span class="step val">login: the user is on the home page</span><small class="step_duration">(0.008s)</small></div><div class="step_file"><span>steps/login_steps.py:12</span></div><span class="embed" /></li></ol><span /></div><div class="scenario"><span class="scenario_file">features/login.feature:18</span><span class="tag">@invalidpass</span><h3 onclick="Collapsible_toggle('scenario_4')"><span class="val">Scenario: Login with invalid password</span></h3><ol class="scenario_steps" id="scenario_4"><li class="step passed"><div class="step_name"><span class="keyword">Given </span><span class="step val">login: the user is on the login page</span><small class="step_duration">(0.652s)</small></div><div class="step_file"><span>steps/login_steps.py:4</span></div><span class="embed" /></li><li class="step passed"><div class="step_name"><span class="keyword">When </span><span class="step val">login: user  enters incorrect password  and clicks login</span><small class="step_duration">(3.291s)</small></div><div class="step_file"><span>steps/login_steps.py:17</span></div><span class="embed" /></li><li class="step passed"><div class="step_name"><span class="keyword">Then </span><span class="step val">login: error message is displayed</span><small class="step_duration">(0.040s)</small></div><div class="step_file"><span>steps/login_steps.py:21</span></div><span class="embed" /></li></ol><span /></div><div class="scenario"><span class="scenario_file">features/login.feature:29</span><span class="tag">@invalidusername</span><h3 onclick="Collapsible_toggle('scenario_5')"><span class="val">Scenario Outline: Login with invalid username -- @1.1 </span></h3><ol class="scenario_steps" id="scenario_5"><li class="step passed"><div class="step_name"><span class="keyword">Given </span><span class="step val">login: the user is on the login page</span><small class="step_duration">(0.836s)</small></div><div class="step_file"><span>steps/login_steps.py:4</span></div><span class="embed" /></li><li class="step passed"><div class="step_name"><span class="keyword">When </span><span class="step val"><span>login: user enters incorrect </span><b>alabala</b><span> and correct </span><b>alabala</b><span> and clicks login</span></span><small class="step_duration">(3.449s)</small></div><div class="step_file"><span>steps/login_steps.py:27</span></div><span class="embed" /></li><li class="step passed"><div class="step_name"><span class="keyword">Then </span><span class="step val">login: error message for incorrect username is displayed</span><small class="step_duration">(0.040s)</small></div><div class="step_file"><span>steps/login_steps.py:31</span></div><span class="embed" /></li></ol><span /></div><div class="scenario"><span class="scenario_file">features/login.feature:30</span><span class="tag">@invalidusername</span><h3 onclick="Collapsible_toggle('scenario_6')"><span class="val">Scenario Outline: Login with invalid username -- @1.2 </span></h3><ol class="scenario_steps" id="scenario_6"><li class="step passed"><div class="step_name"><span class="keyword">Given </span><span class="step val">login: the user is on the login page</span><small class="step_duration">(0.656s)</small></div><div class="step_file"><span>steps/login_steps.py:4</span></div><span class="embed" /></li><li class="step passed"><div class="step_name"><span class="keyword">When </span><span class="step val"><span>login: user enters incorrect </span><b>raul</b><span> and correct </span><b>raul</b><span> and clicks login</span></span><small class="step_duration">(3.165s)</small></div><div class="step_file"><span>steps/login_steps.py:27</span></div><span class="embed" /></li><li class="step passed"><div class="step_name"><span class="keyword">Then </span><span class="step val">login: error message for incorrect username is displayed</span><small class="step_duration">(0.035s)</small></div><div class="step_file"><span>steps/login_steps.py:31</span></div><span class="embed" /></li></ol><span /></div><div class="scenario"><span class="scenario_file">features/login.feature:39</span><span class="tag">@invalidcreds</span><h3 onclick="Collapsible_toggle('scenario_7')"><span class="val">Scenario Outline: Login with invalid credentials -- @1.1 </span></h3><ol class="scenario_steps" id="scenario_7"><li class="step passed"><div class="step_name"><span class="keyword">Given </span><span class="step val">login: the user is on the login page</span><small class="step_duration">(0.613s)</small></div><div class="step_file"><span>steps/login_steps.py:4</span></div><span class="embed" /></li><li class="step passed"><div class="step_name"><span class="keyword">When </span><span class="step val"><span>login: user enters incorrect </span><b>alabala</b><span> and </span><b>alabala</b><span> and clicks login</span></span><small class="step_duration">(3.181s)</small></div><div class="step_file"><span>steps/login_steps.py:37</span></div><span class="embed" /></li><li class="step passed"><div class="step_name"><span class="keyword">Then </span><span class="step val">login: error message for incorrect credentials is displayed</span><small class="step_duration">(0.047s)</small></div><div class="step_file"><span>steps/login_steps.py:42</span></div><span class="embed" /></li></ol><span /></div><div class="scenario"><span class="scenario_file">features/login.feature:40</span><span class="tag">@invalidcreds</span><h3 onclick="Collapsible_toggle('scenario_8')"><span class="val">Scenario Outline: Login with invalid credentials -- @1.2 </span></h3><ol class="scenario_steps" id="scenario_8"><li class="step passed"><div class="step_name"><span class="keyword">Given </span><span class="step val">login: the user is on the login page</span><small class="step_duration">(0.605s)</small></div><div class="step_file"><span>steps/login_steps.py:4</span></div><span class="embed" /></li><li class="step passed"><div class="step_name"><span class="keyword">When </span><span class="step val"><span>login: user enters incorrect </span><b>raul</b><span> and </span><b>raul</b><span> and clicks login</span></span><small class="step_duration">(3.189s)</small></div><div class="step_file"><span>steps/login_steps.py:37</span></div><span class="embed" /></li><li class="step passed"><div class="step_name"><span class="keyword">Then </span><span class="step val">login: error message for incorrect credentials is displayed</span><small class="step_duration">(0.041s)</small></div><div class="step_file"><span>steps/login_steps.py:42</span></div><span class="embed" /></li></ol><span /></div><div class="feature"><h2><span class="val">Feature: search feature</span></h2><span /></div><div class="background"><h3><span class="val">Background: </span></h3><ol /><span /></div><div class="scenario"><span class="scenario_file">features/search.feature:13</span><span class="tag">@search_tablets</span><h3 onclick="Collapsible_toggle('scenario_9')" class="failed"><span class="val">Scenario Outline: Test search functionality -- @1.1 </span></h3><ol class="scenario_steps" id="scenario_9"><li class="step passed"><div class="step_name"><span class="keyword">Given </span><span class="step val">home: I am a user on page</span><small class="step_duration">(0.636s)</small></div><div class="step_file"><span>steps/search_steps.py:5</span></div><span class="embed" /></li><li class="step failed"><div class="step_name"><span class="keyword">When </span><span class="step val"><span>home: I search after </span><b>tablets</b><span /></span><small class="step_duration">(2.627s)</small></div><div class="step_file"><span>steps/search_steps.py:10</span></div><span class="embed"><a onclick="Collapsible_toggle('embed_2')">Error Message</a><pre id="embed_2" style="display: none">Traceback (most recent call last):
  File "C:\Users\Raul Albus\AppData\Local\Programs\Python\Python311\Lib\site-packages\behave\model.py", line 1329, in run
    match.run(runner.context)
  File "C:\Users\Raul Albus\AppData\Local\Programs\Python\Python311\Lib\site-packages\behave\matchers.py", line 98, in run
    self.func(context, *args, **kwargs)
  File "steps\search_steps.py", line 12, in step_impl
    context.search_page.search(query)
  File "C:\Users\Raul Albus\PycharmProjects\pythonFinalProject\pages\search_page.py", line 13, in search
    self.wait_and_click(*self.VIEW)
  File "C:\Users\Raul Albus\PycharmProjects\pythonFinalProject\pages\base_page.py", line 20, in wait_and_click
    self.driver.find_element(by, selector).click()
  File "C:\Users\Raul Albus\AppData\Local\Programs\Python\Python311\Lib\site-packages\selenium\webdriver\remote\webelement.py", line 93, in click
    self._execute(Command.CLICK_ELEMENT)
  File "C:\Users\Raul Albus\AppData\Local\Programs\Python\Python311\Lib\site-packages\selenium\webdriver\remote\webelement.py", line 403, in _execute
    return self._parent.execute(command, params)
           ^^^^^^^^^^^^^^^^^^^^^^^^^^^^^^^^^^^^^
  File "C:\Users\Raul Albus\AppData\Local\Programs\Python\Python311\Lib\site-packages\selenium\webdriver\remote\webdriver.py", line 440, in execute
    self.error_handler.check_response(response)
  File "C:\Users\Raul Albus\AppData\Local\Programs\Python\Python311\Lib\site-packages\selenium\webdriver\remote\errorhandler.py", line 245, in check_response
    raise exception_class(message, screen, stacktrace)
selenium.common.exceptions.ElementClickInterceptedException: Message: element click intercepted: Element &lt;a href="#/search/?viewAll=tablets" translate="View_All" class="roboto-medium viewAll ng-scope"&gt;...&lt;/a&gt; is not clickable at point (1300, 94). Other element would receive the click: &lt;div class="loader" style="display: block; opacity: 0.644516;"&gt;...&lt;/div&gt;
  (Session info: chrome=113.0.5672.127)
Stacktrace:
Backtrace:
	GetHandleVerifier [0x00A88893+48451]
	(No symbol) [0x00A1B8A1]
	(No symbol) [0x00925058]
	(No symbol) [0x00954BA4]
	(No symbol) [0x009536E8]
	(No symbol) [0x00951EEB]
	(No symbol) [0x009512FE]
	(No symbol) [0x00949AAC]
	(No symbol) [0x0096A2BC]
	(No symbol) [0x00949586]
	(No symbol) [0x0096A614]
	(No symbol) [0x0097C482]
	(No symbol) [0x0096A0B6]
	(No symbol) [0x00947E08]
	(No symbol) [0x00948F2D]
	GetHandleVerifier [0x00CE8E3A+2540266]
	GetHandleVerifier [0x00D28959+2801161]
	GetHandleVerifier [0x00D2295C+2776588]
	GetHandleVerifier [0x00B12280+612144]
	(No symbol) [0x00A24F6C]
	(No symbol) [0x00A211D8]
	(No symbol) [0x00A212BB]
	(No symbol) [0x00A14857]
	BaseThreadInitThunk [0x74EA00C9+25]
	RtlGetAppContainerNamedObjectPath [0x77047B4E+286]
	RtlGetAppContainerNamedObjectPath [0x77047B1E+238]

</pre>    </span></li></ol><span /></div><div class="scenario"><span class="scenario_file">features/search.feature:16</span><span class="tag">@search_laptop</span><h3 onclick="Collapsible_toggle('scenario_10')" class="failed"><span class="val">Scenario: Test search functionality</span></h3><ol class="scenario_steps" id="scenario_10"><li class="step passed"><div class="step_name"><span class="keyword">Given </span><span class="step val">home: I am a user on page</span><small class="step_duration">(0.609s)</small></div><div class="step_file"><span>steps/search_steps.py:5</span></div><span class="embed" /></li><li class="step failed"><div class="step_name"><span class="keyword">When </span><span class="step val">home: I search laptop</span><small class="step_duration">(2.407s)</small></div><div class="step_file"><span>steps/search_steps.py:21</span></div><span class="embed"><a onclick="Collapsible_toggle('embed_3')">Error Message</a><pre id="embed_3" style="display: none">Traceback (most recent call last):
  File "C:\Users\Raul Albus\AppData\Local\Programs\Python\Python311\Lib\site-packages\behave\model.py", line 1329, in run
    match.run(runner.context)
  File "C:\Users\Raul Albus\AppData\Local\Programs\Python\Python311\Lib\site-packages\behave\matchers.py", line 98, in run
    self.func(context, *args, **kwargs)
  File "steps\search_steps.py", line 23, in step_impl
    context.search_page.search("laptop")
  File "C:\Users\Raul Albus\PycharmProjects\pythonFinalProject\pages\search_page.py", line 13, in search
    self.wait_and_click(*self.VIEW)
  File "C:\Users\Raul Albus\PycharmProjects\pythonFinalProject\pages\base_page.py", line 20, in wait_and_click
    self.driver.find_element(by, selector).click()
  File "C:\Users\Raul Albus\AppData\Local\Programs\Python\Python311\Lib\site-packages\selenium\webdriver\remote\webelement.py", line 93, in click
    self._execute(Command.CLICK_ELEMENT)
  File "C:\Users\Raul Albus\AppData\Local\Programs\Python\Python311\Lib\site-packages\selenium\webdriver\remote\webelement.py", line 403, in _execute
    return self._parent.execute(command, params)
           ^^^^^^^^^^^^^^^^^^^^^^^^^^^^^^^^^^^^^
  File "C:\Users\Raul Albus\AppData\Local\Programs\Python\Python311\Lib\site-packages\selenium\webdriver\remote\webdriver.py", line 440, in execute
    self.error_handler.check_response(response)
  File "C:\Users\Raul Albus\AppData\Local\Programs\Python\Python311\Lib\site-packages\selenium\webdriver\remote\errorhandler.py", line 245, in check_response
    raise exception_class(message, screen, stacktrace)
selenium.common.exceptions.ElementClickInterceptedException: Message: element click intercepted: Element &lt;a href="#/search/?viewAll=laptop" translate="View_All" class="roboto-medium viewAll ng-scope"&gt;...&lt;/a&gt; is not clickable at point (1300, 94). Other element would receive the click: &lt;div class="loader" style="display: block; opacity: 1;"&gt;...&lt;/div&gt;
  (Session info: chrome=113.0.5672.127)
Stacktrace:
Backtrace:
	GetHandleVerifier [0x00A88893+48451]
	(No symbol) [0x00A1B8A1]
	(No symbol) [0x00925058]
	(No symbol) [0x00954BA4]
	(No symbol) [0x009536E8]
	(No symbol) [0x00951EEB]
	(No symbol) [0x009512FE]
	(No symbol) [0x00949AAC]
	(No symbol) [0x0096A2BC]
	(No symbol) [0x00949586]
	(No symbol) [0x0096A614]
	(No symbol) [0x0097C482]
	(No symbol) [0x0096A0B6]
	(No symbol) [0x00947E08]
	(No symbol) [0x00948F2D]
	GetHandleVerifier [0x00CE8E3A+2540266]
	GetHandleVerifier [0x00D28959+2801161]
	GetHandleVerifier [0x00D2295C+2776588]
	GetHandleVerifier [0x00B12280+612144]
	(No symbol) [0x00A24F6C]
	(No symbol) [0x00A211D8]
	(No symbol) [0x00A212BB]
	(No symbol) [0x00A14857]
	BaseThreadInitThunk [0x74EA00C9+25]
	RtlGetAppContainerNamedObjectPath [0x77047B4E+286]
	RtlGetAppContainerNamedObjectPath [0x77047B1E+238]

</pre>    </span></li></ol><span /></div><div class="feature"><h2><span class="val">Feature: Version</span></h2><span /></div><div class="background"><h3><span class="val">Background: </span></h3><ol /><span /></div><div class="scenario"><span class="scenario_file">features/version.feature:7</span><span class="tag">@version</span><h3 onclick="Collapsible_toggle('scenario_11')"><span class="val">Scenario: Test version</span></h3><ol class="scenario_steps" id="scenario_11"><li class="step passed"><div class="step_name"><span class="keyword">Given </span><span class="step val">home: I am on the site</span><small class="step_duration">(0.623s)</small></div><div class="step_file"><span>steps/version_steps.py:4</span></div><span class="embed" /></li><li class="step passed"><div class="step_name"><span class="keyword">When </span><span class="step val">home: I click on the ? symbol at the top right of the site , after I click on AOS Versions</span><small class="step_duration">(0.710s)</small></div><div class="step_file"><span>steps/version_steps.py:7</span></div><span class="embed" /></li><li class="step passed"><div class="step_name"><span class="keyword">Then </span><span class="step val">version: I verify what version I have</span><small class="step_duration">(0.040s)</small></div><div class="step_file"><span>steps/version_steps.py:10</span></div><span class="embed" /></li></ol><span /></div></div></body></html>